<?xml version="1.0" encoding="UTF-8"?>
<!-- Generated by org.testng.reporters.JUnitXMLReporter -->
<testsuite hostname="APACCNSHZJW2962" name="test1" tests="3" failures="0" timestamp="9 Sep 2014 10:16:01 GMT" time="0.014" errors="0">
  <testcase name="gLinux" time="0.0050" classname="com.hawk.testng.TestNGTest"/>
  <testcase name="gWindows" time="0.0010" classname="com.hawk.testng.TestNGTest"/>
  <testcase name="test" time="0.0010" classname="com.hawk.testng.TestNGTest">
    <skipped/>
  </testcase> <!-- test -->
</testsuite> <!-- test1 -->
