<?xml version="1.0" encoding="UTF-8"?>
<!-- Generated by org.testng.reporters.JUnitXMLReporter -->
<testsuite hostname="APACCNSHZJW2962" name="Command line test" tests="3" failures="0" timestamp="9 Sep 2014 08:09:23 GMT" time="0.014" errors="0">
  <testcase name="gLinux" time="0.0050" classname="com.hawk.testng.TestNGTest"/>
  <testcase name="gWindows" time="0.0" classname="com.hawk.testng.TestNGTest"/>
  <testcase name="test" time="0.0010" classname="com.hawk.testng.TestNGTest"/>
</testsuite> <!-- Command line test -->
